<?xml version="1.0" encoding="UTF-8"?>
<!-- Generated by org.testng.reporters.JUnitReportReporter -->
<testsuite hostname="DESKTOP-OP26OBM" failures="0" tests="1" name="com.inetbanking.testCases.TC_LoginTest_001" time="62.418" errors="0" timestamp="19 Feb 2023 04:33:07 GMT" skipped="0">
  <testcase classname="com.inetbanking.testCases.TC_LoginTest_001" name="loginTest" time="62.418"/>
</testsuite> <!-- com.inetbanking.testCases.TC_LoginTest_001 -->
