<?xml version="1.0" encoding="UTF-8"?>
<!-- Generated by org.testng.reporters.JUnitReportReporter -->
<testsuite hostname="DESKTOP-OP26OBM" failures="0" tests="1" name="com.inetbanking.testCases.TC_AddCustomerTest_003" time="97.820" errors="0" timestamp="19 Feb 2023 04:33:07 GMT" skipped="0">
  <testcase classname="com.inetbanking.testCases.TC_AddCustomerTest_003" name="addNewCustomer" time="97.820"/>
</testsuite> <!-- com.inetbanking.testCases.TC_AddCustomerTest_003 -->
