<?xml version="1.0" encoding="UTF-8"?>
<!-- Generated by org.testng.reporters.JUnitReportReporter -->
<testsuite hostname="DESKTOP-OP26OBM" failures="0" tests="1" name="com.inetbanking.testCases.TC_AddCustomerTest_003" time="49.470" errors="0" timestamp="19 Feb 2023 04:39:13 GMT" skipped="0">
  <testcase classname="com.inetbanking.testCases.TC_AddCustomerTest_003" name="addNewCustomer" time="49.470"/>
</testsuite> <!-- com.inetbanking.testCases.TC_AddCustomerTest_003 -->
